<?xml version="1.0" encoding="UTF-8"?>
<!-- Generated by org.testng.reporters.JUnitXMLReporter -->
<testsuite hostname="MSI" name="Default test" tests="4" failures="0" timestamp="15 Apr 2023 19:46:54 GMT" time="48.631" errors="0">
  <testcase name="login" time="7.957" classname="tests.AppTest2"/>
  <testcase name="testSwipe" time="13.593" classname="tests.AppTest2"/>
  <testcase name="addProductOne" time="11.03" classname="tests.AppTest2"/>
  <testcase name="checkout" time="16.042" classname="tests.AppTest2"/>
</testsuite> <!-- Default test -->
