<?xml version="1.0" encoding="UTF-8"?>
<testng-results skipped="0" failed="0" total="2" passed="2">
  <reporter-output>
  </reporter-output>
  <suite name="Surefire suite" duration-ms="20180" started-at="2023-04-11T02:53:01Z" finished-at="2023-04-11T02:53:21Z">
    <groups>
    </groups>
    <test name="Surefire test" duration-ms="20180" started-at="2023-04-11T02:53:01Z" finished-at="2023-04-11T02:53:21Z">
      <class name="tests.AppTest">
        <test-method status="PASS" signature="setUpAppium()[pri:0, instance:tests.AppTest@29774679]" name="setUpAppium" is-config="true" duration-ms="4309" started-at="2023-04-10T22:52:56Z" finished-at="2023-04-10T22:53:01Z">
          <reporter-output>
          </reporter-output>
        </test-method> <!-- setUpAppium -->
        <test-method status="PASS" signature="enterData(int, java.lang.String, int, int)[pri:0, instance:tests.AppTest@29774679]" name="enterData" duration-ms="8133" started-at="2023-04-10T22:53:01Z" data-provider="getData" finished-at="2023-04-10T22:53:09Z">
          <params>
            <param index="0">
              <value>
                <![CDATA[13246]]>
              </value>
            </param>
            <param index="1">
              <value>
                <![CDATA[First product]]>
              </value>
            </param>
            <param index="2">
              <value>
                <![CDATA[1500]]>
              </value>
            </param>
            <param index="3">
              <value>
                <![CDATA[3]]>
              </value>
            </param>
          </params>
          <reporter-output>
          </reporter-output>
        </test-method> <!-- enterData -->
        <test-method status="PASS" signature="checkShoppingCart()[pri:0, instance:tests.AppTest@29774679]" name="checkShoppingCart" duration-ms="12043" started-at="2023-04-10T22:53:09Z" finished-at="2023-04-10T22:53:21Z">
          <reporter-output>
          </reporter-output>
        </test-method> <!-- checkShoppingCart -->
        <test-method status="PASS" signature="tearDownAppium()[pri:0, instance:tests.AppTest@29774679]" name="tearDownAppium" is-config="true" duration-ms="147" started-at="2023-04-10T22:53:21Z" finished-at="2023-04-10T22:53:21Z">
          <reporter-output>
          </reporter-output>
        </test-method> <!-- tearDownAppium -->
      </class> <!-- tests.AppTest -->
    </test> <!-- Surefire test -->
  </suite> <!-- Surefire suite -->
</testng-results>
