<?xml version="1.0" encoding="UTF-8"?>
<testng-results skipped="0" failed="0" total="4" passed="4">
  <reporter-output>
  </reporter-output>
  <suite name="Default suite" duration-ms="48631" started-at="2023-04-15T19:46:06Z" finished-at="2023-04-15T19:46:54Z">
    <groups>
    </groups>
    <test name="Default test" duration-ms="48631" started-at="2023-04-15T19:46:06Z" finished-at="2023-04-15T19:46:54Z">
      <class name="tests.AppTest2">
        <test-method status="PASS" signature="setUpAppium()[pri:0, instance:tests.AppTest2@6cc7b4de]" name="setUpAppium" is-config="true" duration-ms="4743" started-at="2023-04-15T15:46:01Z" finished-at="2023-04-15T15:46:06Z">
          <reporter-output>
          </reporter-output>
        </test-method> <!-- setUpAppium -->
        <test-method status="PASS" signature="login()[pri:0, instance:tests.AppTest2@6cc7b4de]" name="login" duration-ms="7957" started-at="2023-04-15T15:46:06Z" finished-at="2023-04-15T15:46:14Z">
          <reporter-output>
          </reporter-output>
        </test-method> <!-- login -->
        <test-method status="PASS" signature="testSwipe()[pri:0, instance:tests.AppTest2@6cc7b4de]" name="testSwipe" duration-ms="13593" started-at="2023-04-15T15:46:14Z" finished-at="2023-04-15T15:46:27Z">
          <reporter-output>
          </reporter-output>
        </test-method> <!-- testSwipe -->
        <test-method status="PASS" signature="addProductOne()[pri:0, instance:tests.AppTest2@6cc7b4de]" name="addProductOne" duration-ms="11030" started-at="2023-04-15T15:46:27Z" finished-at="2023-04-15T15:46:38Z">
          <reporter-output>
          </reporter-output>
        </test-method> <!-- addProductOne -->
        <test-method status="PASS" signature="checkout()[pri:0, instance:tests.AppTest2@6cc7b4de]" name="checkout" duration-ms="16042" started-at="2023-04-15T15:46:38Z" finished-at="2023-04-15T15:46:54Z">
          <reporter-output>
          </reporter-output>
        </test-method> <!-- checkout -->
        <test-method status="PASS" signature="tearDownAppium()[pri:0, instance:tests.AppTest2@6cc7b4de]" name="tearDownAppium" is-config="true" duration-ms="116" started-at="2023-04-15T15:46:54Z" finished-at="2023-04-15T15:46:55Z">
          <reporter-output>
          </reporter-output>
        </test-method> <!-- tearDownAppium -->
      </class> <!-- tests.AppTest2 -->
    </test> <!-- Default test -->
  </suite> <!-- Default suite -->
</testng-results>
